current directory: /Users/faezehzand/scheduled_tweets/''/gems/prism-1.5.2/ext/prism
/opt/homebrew/opt/ruby@3.2/bin/ruby extconf.rb
checking for prism.h in /Users/faezehzand/scheduled_tweets/''/gems/prism-1.5.2/include... no
*** extconf.rb failed ***
Could not create Makefile due to some reason, probably lack of necessary
libraries and/or headers.  Check the mkmf.log file for more details.  You may
need configuration options.

Provided configuration options:
	--with-opt-dir
	--with-opt-include
	--without-opt-include=${opt-dir}/include
	--with-opt-lib
	--without-opt-lib=${opt-dir}/lib
	--with-make-prog
	--without-make-prog
	--srcdir=.
	--curdir
	--ruby=/opt/homebrew/Cellar/ruby@3.2/3.2.9_1/bin/$(RUBY_BASE_NAME)
extconf.rb:78:in `<main>': prism.h is required (RuntimeError)

To see why this extension failed to compile, please check the mkmf.log which can be found here:

  /Users/faezehzand/scheduled_tweets/''/extensions/arm64-darwin-23/3.2.0/prism-1.5.2/mkmf.log

extconf failed, exit code 1
