current directory: /Users/faezehzand/scheduled_tweets/''/gems/rbs-3.9.5/ext/rbs_extension
/opt/homebrew/opt/ruby@3.2/bin/ruby extconf.rb
checking for whether -std=gnu99 is accepted as CFLAGS... yes
creating Makefile

current directory: /Users/faezehzand/scheduled_tweets/''/gems/rbs-3.9.5/ext/rbs_extension
make DESTDIR\= sitearchdir\=./.gem.20251010-5457-v5jugb sitelibdir\=./.gem.20251010-5457-v5jugb clean

current directory: /Users/faezehzand/scheduled_tweets/''/gems/rbs-3.9.5/ext/rbs_extension
make DESTDIR\= sitearchdir\=./.gem.20251010-5457-v5jugb sitelibdir\=./.gem.20251010-5457-v5jugb
compiling ./../../src/constants.c
compiling ./../../src/ruby_objs.c
compiling ./../../src/util/rbs_constant_pool.c
compiling lexer.c
compiling lexstate.c
compiling location.c
compiling main.c
compiling parser.c
compiling parserstate.c
compiling unescape.c
linking shared-object rbs_extension.bundle
ld: warning: ignoring duplicate libraries: '-lruby.3.2'

current directory: /Users/faezehzand/scheduled_tweets/''/gems/rbs-3.9.5/ext/rbs_extension
make DESTDIR\= sitearchdir\=./.gem.20251010-5457-v5jugb sitelibdir\=./.gem.20251010-5457-v5jugb install
/usr/bin/install -c -m 0755 rbs_extension.bundle ./.gem.20251010-5457-v5jugb

current directory: /Users/faezehzand/scheduled_tweets/''/gems/rbs-3.9.5/ext/rbs_extension
make DESTDIR\= sitearchdir\=./.gem.20251010-5457-v5jugb sitelibdir\=./.gem.20251010-5457-v5jugb clean
